C:\Users\g04480\Desktop\你们的小可爱\YQYQY\ContainerClass\Debug\cl.command.1.tlog
C:\Users\g04480\Desktop\你们的小可爱\YQYQY\ContainerClass\Debug\CL.read.1.tlog
C:\Users\g04480\Desktop\你们的小可爱\YQYQY\ContainerClass\Debug\CL.write.1.tlog
C:\USERS\G04480\DESKTOP\你们的小可爱\YQYQY\CONTAINERCLASS\DEBUG\CONTAINERCLASS.DLL.EMBED.MANIFEST
C:\USERS\G04480\DESKTOP\你们的小可爱\YQYQY\CONTAINERCLASS\DEBUG\CONTAINERCLASS.DLL.EMBED.MANIFEST.RES
C:\USERS\G04480\DESKTOP\你们的小可爱\YQYQY\CONTAINERCLASS\DEBUG\CONTAINERCLASS.DLL.INTERMEDIATE.MANIFEST
C:\USERS\G04480\DESKTOP\你们的小可爱\YQYQY\CONTAINERCLASS\DEBUG\CONTAINERCLASS.OBJ
C:\USERS\G04480\DESKTOP\你们的小可爱\YQYQY\CONTAINERCLASS\DEBUG\CONTAINERCLASS.PCH
C:\Users\g04480\Desktop\你们的小可爱\YQYQY\ContainerClass\Debug\ContainerClass.write.1.tlog
C:\Users\g04480\Desktop\你们的小可爱\YQYQY\ContainerClass\Debug\ContainerClass_manifest.rc
C:\USERS\G04480\DESKTOP\你们的小可爱\YQYQY\CONTAINERCLASS\DEBUG\DLLMAIN.OBJ
C:\Users\g04480\Desktop\你们的小可爱\YQYQY\ContainerClass\Debug\link.command.1.tlog
C:\Users\g04480\Desktop\你们的小可爱\YQYQY\ContainerClass\Debug\link.read.1.tlog
C:\Users\g04480\Desktop\你们的小可爱\YQYQY\ContainerClass\Debug\link.write.1.tlog
C:\Users\g04480\Desktop\你们的小可爱\YQYQY\ContainerClass\Debug\link-cvtres.read.1.tlog
C:\Users\g04480\Desktop\你们的小可爱\YQYQY\ContainerClass\Debug\link-cvtres.write.1.tlog
C:\USERS\G04480\DESKTOP\你们的小可爱\YQYQY\CONTAINERCLASS\DEBUG\MAINENTRANCE.OBJ
C:\Users\g04480\Desktop\你们的小可爱\YQYQY\ContainerClass\Debug\mt.command.1.tlog
C:\Users\g04480\Desktop\你们的小可爱\YQYQY\ContainerClass\Debug\mt.read.1.tlog
C:\Users\g04480\Desktop\你们的小可爱\YQYQY\ContainerClass\Debug\mt.write.1.tlog
C:\Users\g04480\Desktop\你们的小可爱\YQYQY\ContainerClass\Debug\rc.command.1.tlog
C:\Users\g04480\Desktop\你们的小可爱\YQYQY\ContainerClass\Debug\rc.read.1.tlog
C:\Users\g04480\Desktop\你们的小可爱\YQYQY\ContainerClass\Debug\rc.write.1.tlog
C:\USERS\G04480\DESKTOP\你们的小可爱\YQYQY\CONTAINERCLASS\DEBUG\STDAFX.OBJ
C:\Users\g04480\Desktop\你们的小可爱\YQYQY\ContainerClass\Debug\vc100.idb
C:\USERS\G04480\DESKTOP\你们的小可爱\YQYQY\CONTAINERCLASS\DEBUG\VC100.PDB
C:\USERS\G04480\DESKTOP\你们的小可爱\YQYQY\DEBUG\CONTAINERCLASS.DLL
C:\Users\g04480\Desktop\你们的小可爱\YQYQY\Debug\ContainerClass.exp
C:\USERS\G04480\DESKTOP\你们的小可爱\YQYQY\DEBUG\CONTAINERCLASS.ILK
C:\Users\g04480\Desktop\你们的小可爱\YQYQY\Debug\ContainerClass.lib
C:\USERS\G04480\DESKTOP\你们的小可爱\YQYQY\DEBUG\CONTAINERCLASS.PDB
