生成启动时间为 2018/8/7 16:28:00。
     1>项目“C:\Users\g04480\Desktop\你们的小可爱\YQYQY\ContainerClass\ContainerClass.vcxproj”在节点 2 上(build 个目标)。
     1>InitializeBuildStatus:
         正在创建“Release\ContainerClass.unsuccessfulbuild”，因为已指定“AlwaysCreate”。
       ClCompile:
         所有输出均为最新。
         C:\Program Files\Microsoft Visual Studio 10.0\VC\bin\CL.exe /c /I"C:\Users\g04480\Desktop\你们的小可爱\YQYQY\ContainerClass" /Zi /nologo /W3 /WX- /O2 /Oi /Oy- /GL /D WIN32 /D NDEBUG /D _WINDOWS /D _USRDLL /D CONTAINERCLASS_EXPORTS /D _WINDLL /D _UNICODE /D UNICODE /Gm- /EHsc /MD /GS /Gy /fp:precise /Zc:wchar_t /Zc:forScope /Fo"Release\\" /Fd"Release\vc100.pdb" /Gd /TP /analyze- /errorReport:prompt mainEntrance.cpp
         mainEntrance.cpp
     1>mainEntrance.cpp(35): warning C4244: “=”: 从“float”转换到“int”，可能丢失数据
     1>mainEntrance.cpp(52): warning C4244: “=”: 从“float”转换到“int”，可能丢失数据
         所有输出均为最新。
       Link:
         C:\Program Files\Microsoft Visual Studio 10.0\VC\bin\link.exe /ERRORREPORT:PROMPT /OUT:"C:\Users\g04480\Desktop\你们的小可爱\YQYQY\Release\ContainerClass.dll" /INCREMENTAL:NO /NOLOGO kernel32.lib user32.lib gdi32.lib winspool.lib comdlg32.lib advapi32.lib shell32.lib ole32.lib oleaut32.lib uuid.lib odbc32.lib odbccp32.lib /MANIFEST /ManifestFile:"Release\ContainerClass.dll.intermediate.manifest" /MANIFESTUAC:"level='asInvoker' uiAccess='false'" /DEBUG /PDB:"C:\Users\g04480\Desktop\你们的小可爱\YQYQY\Release\ContainerClass.pdb" /SUBSYSTEM:WINDOWS /OPT:REF /OPT:ICF /LTCG /TLBID:1 /DYNAMICBASE /NXCOMPAT /IMPLIB:"C:\Users\g04480\Desktop\你们的小可爱\YQYQY\Release\ContainerClass.lib" /MACHINE:X86 /DLL Release\ContainerClass.obj
         Release\dllmain.obj
         Release\mainEntrance.obj
         Release\stdafx.obj
         正在生成代码
         已完成代码的生成
         ContainerClass.vcxproj -> C:\Users\g04480\Desktop\你们的小可爱\YQYQY\Release\ContainerClass.dll
       Manifest:
         C:\Program Files\Microsoft SDKs\Windows\v7.0A\bin\mt.exe /nologo /verbose /outputresource:"C:\Users\g04480\Desktop\你们的小可爱\YQYQY\Release\ContainerClass.dll;#2" /manifest Release\ContainerClass.dll.intermediate.manifest
       FinalizeBuildStatus:
         正在删除文件“Release\ContainerClass.unsuccessfulbuild”。
         正在对“Release\ContainerClass.lastbuildstate”执行 Touch 任务。
     1>已完成生成项目“C:\Users\g04480\Desktop\你们的小可爱\YQYQY\ContainerClass\ContainerClass.vcxproj”(build 个目标)的操作。

生成成功。

已用时间 00:00:01.14
